# JRE version: OpenJDK Runtime Environment (8.0_242-b01) (build 1.8.0_242-release-1644-b01)
# Java VM: OpenJDK 64-Bit Server VM (25.242-b01 mixed mode windows-amd64 compressed oops)
Heap:
 PSYoungGen      total 312832K, used 163879K [0x00000000d5580000, 0x00000000ee080000, 0x0000000100000000)
  eden space 273408K, 45% used [0x00000000d5580000,0x00000000dcf0f9e8,0x00000000e6080000)
  from space 39424K, 99% used [0x00000000e9780000,0x00000000ebdfa508,0x00000000ebe00000)
  to   space 56320K, 0% used [0x00000000e6080000,0x00000000e6080000,0x00000000e9780000)
 ParOldGen       total 141312K, used 82503K [0x0000000080000000, 0x0000000088a00000, 0x00000000d5580000)
  object space 141312K, 58% used [0x0000000080000000,0x0000000085091db0,0x0000000088a00000)
 Metaspace       used 87734K, capacity 92550K, committed 92760K, reserved 1128448K
  class space    used 11965K, capacity 12925K, committed 12928K, reserved 1048576K
GC Heap History (10 events):
Event: 5.469 GC heap before
{Heap before GC invocations=13 (full 3):
 PSYoungGen      total 212992K, used 15740K [0x00000000d5580000, 0x00000000e4e80000, 0x0000000100000000)
  eden space 192512K, 0% used [0x00000000d5580000,0x00000000d5580000,0x00000000e1180000)
  from space 20480K, 76% used [0x00000000e2700000,0x00000000e365f340,0x00000000e3b00000)
  to   space 22016K, 0% used [0x00000000e1180000,0x00000000e1180000,0x00000000e2700000)
 ParOldGen       total 100864K, used 28605K [0x0000000080000000, 0x0000000086280000, 0x00000000d5580000)
  object space 100864K, 28% used [0x0000000080000000,0x0000000081bef6e0,0x0000000086280000)
 Metaspace       used 56500K, capacity 58848K, committed 59028K, reserved 1099776K
  class space    used 7721K, capacity 8169K, committed 8192K, reserved 1048576K
Event: 5.611 GC heap after
Heap after GC invocations=13 (full 3):
 PSYoungGen      total 212992K, used 0K [0x00000000d5580000, 0x00000000e4e80000, 0x0000000100000000)
  eden space 192512K, 0% used [0x00000000d5580000,0x00000000d5580000,0x00000000e1180000)
  from space 20480K, 0% used [0x00000000e2700000,0x00000000e2700000,0x00000000e3b00000)
  to   space 22016K, 0% used [0x00000000e1180000,0x00000000e1180000,0x00000000e2700000)
 ParOldGen       total 141312K, used 29581K [0x0000000080000000, 0x0000000088a00000, 0x00000000d5580000)
  object space 141312K, 20% used [0x0000000080000000,0x0000000081ce3618,0x0000000088a00000)
 Metaspace       used 56492K, capacity 58818K, committed 59028K, reserved 1099776K
  class space    used 7718K, capacity 8164K, committed 8192K, reserved 1048576K
}
Event: 7.512 GC heap before
{Heap before GC invocations=14 (full 3):
 PSYoungGen      total 212992K, used 192512K [0x00000000d5580000, 0x00000000e4e80000, 0x0000000100000000)
  eden space 192512K, 100% used [0x00000000d5580000,0x00000000e1180000,0x00000000e1180000)
  from space 20480K, 0% used [0x00000000e2700000,0x00000000e2700000,0x00000000e3b00000)
  to   space 22016K, 0% used [0x00000000e1180000,0x00000000e1180000,0x00000000e2700000)
 ParOldGen       total 141312K, used 29581K [0x0000000080000000, 0x0000000088a00000, 0x00000000d5580000)
  object space 141312K, 20% used [0x0000000080000000,0x0000000081ce3618,0x0000000088a00000)
 Metaspace       used 65108K, capacity 67994K, committed 68184K, reserved 1107968K
  class space    used 8959K, capacity 9532K, committed 9600K, reserved 1048576K
Event: 7.540 GC heap after
Heap after GC invocations=14 (full 3):
 PSYoungGen      total 214528K, used 17211K [0x00000000d5580000, 0x00000000e6e80000, 0x0000000100000000)
  eden space 192512K, 0% used [0x00000000d5580000,0x00000000d5580000,0x00000000e1180000)
  from space 22016K, 78% used [0x00000000e1180000,0x00000000e224ee58,0x00000000e2700000)
  to   space 23040K, 0% used [0x00000000e5800000,0x00000000e5800000,0x00000000e6e80000)
 ParOldGen       total 141312K, used 29589K [0x0000000080000000, 0x0000000088a00000, 0x00000000d5580000)
  object space 141312K, 20% used [0x0000000080000000,0x0000000081ce5618,0x0000000088a00000)
 Metaspace       used 65108K, capacity 67994K, committed 68184K, reserved 1107968K
  class space    used 8959K, capacity 9532K, committed 9600K, reserved 1048576K
}
Event: 10.688 GC heap before
{Heap before GC invocations=15 (full 3):
 PSYoungGen      total 214528K, used 209723K [0x00000000d5580000, 0x00000000e6e80000, 0x0000000100000000)
  eden space 192512K, 100% used [0x00000000d5580000,0x00000000e1180000,0x00000000e1180000)
  from space 22016K, 78% used [0x00000000e1180000,0x00000000e224ee58,0x00000000e2700000)
  to   space 23040K, 0% used [0x00000000e5800000,0x00000000e5800000,0x00000000e6e80000)
 ParOldGen       total 141312K, used 29589K [0x0000000080000000, 0x0000000088a00000, 0x00000000d5580000)
  object space 141312K, 20% used [0x0000000080000000,0x0000000081ce5618,0x0000000088a00000)
 Metaspace       used 75108K, capacity 78302K, committed 78552K, reserved 1118208K
  class space    used 10121K, capacity 10721K, committed 10752K, reserved 1048576K
Event: 10.713 GC heap after
Heap after GC invocations=15 (full 3):
 PSYoungGen      total 258560K, used 23027K [0x00000000d5580000, 0x00000000e7080000, 0x0000000100000000)
  eden space 235520K, 0% used [0x00000000d5580000,0x00000000d5580000,0x00000000e3b80000)
  from space 23040K, 99% used [0x00000000e5800000,0x00000000e6e7cc90,0x00000000e6e80000)
  to   space 27136K, 0% used [0x00000000e3b80000,0x00000000e3b80000,0x00000000e5600000)
 ParOldGen       total 141312K, used 31537K [0x0000000080000000, 0x0000000088a00000, 0x00000000d5580000)
  object space 141312K, 22% used [0x0000000080000000,0x0000000081ecc568,0x0000000088a00000)
 Metaspace       used 75108K, capacity 78302K, committed 78552K, reserved 1118208K
  class space    used 10121K, capacity 10721K, committed 10752K, reserved 1048576K
}
Event: 11.644 GC heap before
{Heap before GC invocations=16 (full 3):
 PSYoungGen      total 258560K, used 258547K [0x00000000d5580000, 0x00000000e7080000, 0x0000000100000000)
  eden space 235520K, 100% used [0x00000000d5580000,0x00000000e3b80000,0x00000000e3b80000)
  from space 23040K, 99% used [0x00000000e5800000,0x00000000e6e7cc90,0x00000000e6e80000)
  to   space 27136K, 0% used [0x00000000e3b80000,0x00000000e3b80000,0x00000000e5600000)
 ParOldGen       total 141312K, used 31537K [0x0000000080000000, 0x0000000088a00000, 0x00000000d5580000)
  object space 141312K, 22% used [0x0000000080000000,0x0000000081ecc568,0x0000000088a00000)
 Metaspace       used 80086K, capacity 83778K, committed 83928K, reserved 1122304K
  class space    used 10796K, capacity 11489K, committed 11520K, reserved 1048576K
Event: 11.679 GC heap after
Heap after GC invocations=16 (full 3):
 PSYoungGen      total 262656K, used 27117K [0x00000000d5580000, 0x00000000ebe00000, 0x0000000100000000)
  eden space 235520K, 0% used [0x00000000d5580000,0x00000000d5580000,0x00000000e3b80000)
  from space 27136K, 99% used [0x00000000e3b80000,0x00000000e55fb670,0x00000000e5600000)
  to   space 39424K, 0% used [0x00000000e9780000,0x00000000e9780000,0x00000000ebe00000)
 ParOldGen       total 141312K, used 54771K [0x0000000080000000, 0x0000000088a00000, 0x00000000d5580000)
  object space 141312K, 38% used [0x0000000080000000,0x000000008357ce38,0x0000000088a00000)
 Metaspace       used 80086K, capacity 83778K, committed 83928K, reserved 1122304K
  class space    used 10796K, capacity 11489K, committed 11520K, reserved 1048576K
}
Event: 13.332 GC heap before
{Heap before GC invocations=17 (full 3):
 PSYoungGen      total 262656K, used 262637K [0x00000000d5580000, 0x00000000ebe00000, 0x0000000100000000)
  eden space 235520K, 100% used [0x00000000d5580000,0x00000000e3b80000,0x00000000e3b80000)
  from space 27136K, 99% used [0x00000000e3b80000,0x00000000e55fb670,0x00000000e5600000)
  to   space 39424K, 0% used [0x00000000e9780000,0x00000000e9780000,0x00000000ebe00000)
 ParOldGen       total 141312K, used 54771K [0x0000000080000000, 0x0000000088a00000, 0x00000000d5580000)
  object space 141312K, 38% used [0x0000000080000000,0x000000008357ce38,0x0000000088a00000)
 Metaspace       used 87407K, capacity 92286K, committed 92504K, reserved 1128448K
  class space    used 11951K, capacity 12915K, committed 12928K, reserved 1048576K
Event: 13.391 GC heap after
Heap after GC invocations=17 (full 3):
 PSYoungGen      total 312832K, used 39401K [0x00000000d5580000, 0x00000000ee080000, 0x0000000100000000)
  eden space 273408K, 0% used [0x00000000d5580000,0x00000000d5580000,0x00000000e6080000)
  from space 39424K, 99% used [0x00000000e9780000,0x00000000ebdfa508,0x00000000ebe00000)
  to   space 56320K, 0% used [0x00000000e6080000,0x00000000e6080000,0x00000000e9780000)
 ParOldGen       total 141312K, used 82503K [0x0000000080000000, 0x0000000088a00000, 0x00000000d5580000)
  object space 141312K, 58% used [0x0000000080000000,0x0000000085091db0,0x0000000088a00000)
 Metaspace       used 87407K, capacity 92286K, committed 92504K, reserved 1128448K
  class space    used 11951K, capacity 12915K, committed 12928K, reserved 1048576K
}

