# JRE version: OpenJDK Runtime Environment (8.0_242-b01) (build 1.8.0_242-release-1644-b01)
# Java VM: OpenJDK 64-Bit Server VM (25.242-b01 mixed mode windows-amd64 compressed oops)
Heap:
 PSYoungGen      total 284672K, used 242174K [0x00000000d5580000, 0x00000000ec180000, 0x0000000100000000)
  eden space 252416K, 87% used [0x00000000d5580000,0x00000000e2e20058,0x00000000e4c00000)
  from space 32256K, 63% used [0x00000000e4c00000,0x00000000e5fdf988,0x00000000e6b80000)
  to   space 32768K, 0% used [0x00000000ea180000,0x00000000ea180000,0x00000000ec180000)
 ParOldGen       total 137728K, used 54260K [0x0000000080000000, 0x0000000088680000, 0x00000000d5580000)
  object space 137728K, 39% used [0x0000000080000000,0x00000000834fd368,0x0000000088680000)
 Metaspace       used 86257K, capacity 90886K, committed 90968K, reserved 1128448K
  class space    used 11489K, capacity 12350K, committed 12416K, reserved 1048576K
GC Heap History (10 events):
Event: 6.486 GC heap before
{Heap before GC invocations=12 (full 3):
 PSYoungGen      total 194048K, used 14308K [0x00000000d5580000, 0x00000000e5d00000, 0x0000000100000000)
  eden space 179712K, 0% used [0x00000000d5580000,0x00000000d5580000,0x00000000e0500000)
  from space 14336K, 99% used [0x00000000e0500000,0x00000000e12f92e0,0x00000000e1300000)
  to   space 20992K, 0% used [0x00000000e4880000,0x00000000e4880000,0x00000000e5d00000)
 ParOldGen       total 89088K, used 29630K [0x0000000080000000, 0x0000000085700000, 0x00000000d5580000)
  object space 89088K, 33% used [0x0000000080000000,0x0000000081cef868,0x0000000085700000)
 Metaspace       used 56597K, capacity 58912K, committed 59028K, reserved 1099776K
  class space    used 7651K, capacity 8139K, committed 8192K, reserved 1048576K
Event: 6.633 GC heap after
Heap after GC invocations=12 (full 3):
 PSYoungGen      total 194048K, used 0K [0x00000000d5580000, 0x00000000e5d00000, 0x0000000100000000)
  eden space 179712K, 0% used [0x00000000d5580000,0x00000000d5580000,0x00000000e0500000)
  from space 14336K, 0% used [0x00000000e0500000,0x00000000e0500000,0x00000000e1300000)
  to   space 20992K, 0% used [0x00000000e4880000,0x00000000e4880000,0x00000000e5d00000)
 ParOldGen       total 137728K, used 38323K [0x0000000080000000, 0x0000000088680000, 0x00000000d5580000)
  object space 137728K, 27% used [0x0000000080000000,0x000000008256cd78,0x0000000088680000)
 Metaspace       used 56581K, capacity 58858K, committed 59028K, reserved 1099776K
  class space    used 7646K, capacity 8130K, committed 8192K, reserved 1048576K
}
Event: 9.967 GC heap before
{Heap before GC invocations=13 (full 3):
 PSYoungGen      total 194048K, used 179712K [0x00000000d5580000, 0x00000000e5d00000, 0x0000000100000000)
  eden space 179712K, 100% used [0x00000000d5580000,0x00000000e0500000,0x00000000e0500000)
  from space 14336K, 0% used [0x00000000e0500000,0x00000000e0500000,0x00000000e1300000)
  to   space 20992K, 0% used [0x00000000e4880000,0x00000000e4880000,0x00000000e5d00000)
 ParOldGen       total 137728K, used 38323K [0x0000000080000000, 0x0000000088680000, 0x00000000d5580000)
  object space 137728K, 27% used [0x0000000080000000,0x000000008256cd78,0x0000000088680000)
 Metaspace       used 66435K, capacity 69430K, committed 69720K, reserved 1110016K
  class space    used 8974K, capacity 9518K, committed 9600K, reserved 1048576K
Event: 9.980 GC heap after
Heap after GC invocations=13 (full 3):
 PSYoungGen      total 233472K, used 16452K [0x00000000d5580000, 0x00000000e5900000, 0x0000000100000000)
  eden space 216576K, 0% used [0x00000000d5580000,0x00000000d5580000,0x00000000e2900000)
  from space 16896K, 97% used [0x00000000e4880000,0x00000000e58911a8,0x00000000e5900000)
  to   space 22528K, 0% used [0x00000000e2d00000,0x00000000e2d00000,0x00000000e4300000)
 ParOldGen       total 137728K, used 38331K [0x0000000080000000, 0x0000000088680000, 0x00000000d5580000)
  object space 137728K, 27% used [0x0000000080000000,0x000000008256ed78,0x0000000088680000)
 Metaspace       used 66435K, capacity 69430K, committed 69720K, reserved 1110016K
  class space    used 8974K, capacity 9518K, committed 9600K, reserved 1048576K
}
Event: 12.322 GC heap before
{Heap before GC invocations=14 (full 3):
 PSYoungGen      total 233472K, used 233028K [0x00000000d5580000, 0x00000000e5900000, 0x0000000100000000)
  eden space 216576K, 100% used [0x00000000d5580000,0x00000000e2900000,0x00000000e2900000)
  from space 16896K, 97% used [0x00000000e4880000,0x00000000e58911a8,0x00000000e5900000)
  to   space 22528K, 0% used [0x00000000e2d00000,0x00000000e2d00000,0x00000000e4300000)
 ParOldGen       total 137728K, used 38331K [0x0000000080000000, 0x0000000088680000, 0x00000000d5580000)
  object space 137728K, 27% used [0x0000000080000000,0x000000008256ed78,0x0000000088680000)
 Metaspace       used 74143K, capacity 77574K, committed 77656K, reserved 1116160K
  class space    used 9923K, capacity 10580K, committed 10624K, reserved 1048576K
Event: 12.349 GC heap after
Heap after GC invocations=14 (full 3):
 PSYoungGen      total 243200K, used 22502K [0x00000000d5580000, 0x00000000e8580000, 0x0000000100000000)
  eden space 220672K, 0% used [0x00000000d5580000,0x00000000d5580000,0x00000000e2d00000)
  from space 22528K, 99% used [0x00000000e2d00000,0x00000000e42f9ad8,0x00000000e4300000)
  to   space 26624K, 0% used [0x00000000e6b80000,0x00000000e6b80000,0x00000000e8580000)
 ParOldGen       total 137728K, used 40322K [0x0000000080000000, 0x0000000088680000, 0x00000000d5580000)
  object space 137728K, 29% used [0x0000000080000000,0x0000000082760a60,0x0000000088680000)
 Metaspace       used 74143K, capacity 77574K, committed 77656K, reserved 1116160K
  class space    used 9923K, capacity 10580K, committed 10624K, reserved 1048576K
}
Event: 14.071 GC heap before
{Heap before GC invocations=15 (full 3):
 PSYoungGen      total 243200K, used 243174K [0x00000000d5580000, 0x00000000e8580000, 0x0000000100000000)
  eden space 220672K, 100% used [0x00000000d5580000,0x00000000e2d00000,0x00000000e2d00000)
  from space 22528K, 99% used [0x00000000e2d00000,0x00000000e42f9ad8,0x00000000e4300000)
  to   space 26624K, 0% used [0x00000000e6b80000,0x00000000e6b80000,0x00000000e8580000)
 ParOldGen       total 137728K, used 40322K [0x0000000080000000, 0x0000000088680000, 0x00000000d5580000)
  object space 137728K, 29% used [0x0000000080000000,0x0000000082760a60,0x0000000088680000)
 Metaspace       used 83199K, capacity 87360K, committed 87512K, reserved 1124352K
  class space    used 11176K, capacity 11973K, committed 12032K, reserved 1048576K
Event: 14.123 GC heap after
Heap after GC invocations=15 (full 3):
 PSYoungGen      total 279040K, used 26610K [0x00000000d5580000, 0x00000000e9a00000, 0x0000000100000000)
  eden space 252416K, 0% used [0x00000000d5580000,0x00000000d5580000,0x00000000e4c00000)
  from space 26624K, 99% used [0x00000000e6b80000,0x00000000e857c808,0x00000000e8580000)
  to   space 32256K, 0% used [0x00000000e4c00000,0x00000000e4c00000,0x00000000e6b80000)
 ParOldGen       total 137728K, used 45535K [0x0000000080000000, 0x0000000088680000, 0x00000000d5580000)
  object space 137728K, 33% used [0x0000000080000000,0x0000000082c77eb0,0x0000000088680000)
 Metaspace       used 83199K, capacity 87360K, committed 87512K, reserved 1124352K
  class space    used 11176K, capacity 11973K, committed 12032K, reserved 1048576K
}
Event: 15.166 GC heap before
{Heap before GC invocations=16 (full 3):
 PSYoungGen      total 279040K, used 279026K [0x00000000d5580000, 0x00000000e9a00000, 0x0000000100000000)
  eden space 252416K, 100% used [0x00000000d5580000,0x00000000e4c00000,0x00000000e4c00000)
  from space 26624K, 99% used [0x00000000e6b80000,0x00000000e857c808,0x00000000e8580000)
  to   space 32256K, 0% used [0x00000000e4c00000,0x00000000e4c00000,0x00000000e6b80000)
 ParOldGen       total 137728K, used 45535K [0x0000000080000000, 0x0000000088680000, 0x00000000d5580000)
  object space 137728K, 33% used [0x0000000080000000,0x0000000082c77eb0,0x0000000088680000)
 Metaspace       used 85103K, capacity 89750K, committed 89816K, reserved 1126400K
  class space    used 11403K, capacity 12256K, committed 12288K, reserved 1048576K
Event: 15.190 GC heap after
Heap after GC invocations=16 (full 3):
 PSYoungGen      total 284672K, used 20350K [0x00000000d5580000, 0x00000000ec180000, 0x0000000100000000)
  eden space 252416K, 0% used [0x00000000d5580000,0x00000000d5580000,0x00000000e4c00000)
  from space 32256K, 63% used [0x00000000e4c00000,0x00000000e5fdf988,0x00000000e6b80000)
  to   space 32768K, 0% used [0x00000000ea180000,0x00000000ea180000,0x00000000ec180000)
 ParOldGen       total 137728K, used 54260K [0x0000000080000000, 0x0000000088680000, 0x00000000d5580000)
  object space 137728K, 39% used [0x0000000080000000,0x00000000834fd368,0x0000000088680000)
 Metaspace       used 85103K, capacity 89750K, committed 89816K, reserved 1126400K
  class space    used 11403K, capacity 12256K, committed 12288K, reserved 1048576K
}

