# JRE version: OpenJDK Runtime Environment (8.0_242-b01) (build 1.8.0_242-release-1644-b01)
# Java VM: OpenJDK 64-Bit Server VM (25.242-b01 mixed mode windows-amd64 compressed oops)
Heap:
 PSYoungGen      total 359424K, used 46600K [0x00000000d5580000, 0x00000000f3c00000, 0x0000000100000000)
  eden space 299008K, 15% used [0x00000000d5580000,0x00000000d83023b8,0x00000000e7980000)
  from space 60416K, 0% used [0x00000000ecc00000,0x00000000ecc00000,0x00000000f0700000)
  to   space 84480K, 0% used [0x00000000e7980000,0x00000000e7980000,0x00000000ecc00000)
 ParOldGen       total 287232K, used 115213K [0x0000000080000000, 0x0000000091880000, 0x00000000d5580000)
  object space 287232K, 40% used [0x0000000080000000,0x00000000870836a0,0x0000000091880000)
 Metaspace       used 91647K, capacity 96060K, committed 96472K, reserved 1132544K
  class space    used 12126K, capacity 12966K, committed 13056K, reserved 1048576K
GC Heap History (10 events):
Event: 106.065 GC heap before
{Heap before GC invocations=16 (full 3):
 PSYoungGen      total 233472K, used 233453K [0x00000000d5580000, 0x00000000e8d80000, 0x0000000100000000)
  eden space 210432K, 100% used [0x00000000d5580000,0x00000000e2300000,0x00000000e2300000)
  from space 23040K, 99% used [0x00000000e4c00000,0x00000000e627b5f8,0x00000000e6280000)
  to   space 41984K, 0% used [0x00000000e2300000,0x00000000e2300000,0x00000000e4c00000)
 ParOldGen       total 149504K, used 72487K [0x0000000080000000, 0x0000000089200000, 0x00000000d5580000)
  object space 149504K, 48% used [0x0000000080000000,0x00000000846c9f60,0x0000000089200000)
 Metaspace       used 78302K, capacity 82412K, committed 82648K, reserved 1120256K
  class space    used 10677K, capacity 11459K, committed 11520K, reserved 1048576K
Event: 106.111 GC heap after
Heap after GC invocations=16 (full 3):
 PSYoungGen      total 252416K, used 36046K [0x00000000d5580000, 0x00000000eac00000, 0x0000000100000000)
  eden space 210432K, 0% used [0x00000000d5580000,0x00000000d5580000,0x00000000e2300000)
  from space 41984K, 85% used [0x00000000e2300000,0x00000000e4633940,0x00000000e4c00000)
  to   space 46592K, 0% used [0x00000000e7e80000,0x00000000e7e80000,0x00000000eac00000)
 ParOldGen       total 149504K, used 72495K [0x0000000080000000, 0x0000000089200000, 0x00000000d5580000)
  object space 149504K, 48% used [0x0000000080000000,0x00000000846cbf60,0x0000000089200000)
 Metaspace       used 78302K, capacity 82412K, committed 82648K, reserved 1120256K
  class space    used 10677K, capacity 11459K, committed 11520K, reserved 1048576K
}
Event: 109.252 GC heap before
{Heap before GC invocations=17 (full 3):
 PSYoungGen      total 252416K, used 246478K [0x00000000d5580000, 0x00000000eac00000, 0x0000000100000000)
  eden space 210432K, 100% used [0x00000000d5580000,0x00000000e2300000,0x00000000e2300000)
  from space 41984K, 85% used [0x00000000e2300000,0x00000000e4633940,0x00000000e4c00000)
  to   space 46592K, 0% used [0x00000000e7e80000,0x00000000e7e80000,0x00000000eac00000)
 ParOldGen       total 149504K, used 72495K [0x0000000080000000, 0x0000000089200000, 0x00000000d5580000)
  object space 149504K, 48% used [0x0000000080000000,0x00000000846cbf60,0x0000000089200000)
 Metaspace       used 81262K, capacity 85410K, committed 85720K, reserved 1124352K
  class space    used 10925K, capacity 11676K, committed 11776K, reserved 1048576K
Event: 109.284 GC heap after
Heap after GC invocations=17 (full 3):
 PSYoungGen      total 299520K, used 33038K [0x00000000d5580000, 0x00000000eac80000, 0x0000000100000000)
  eden space 252928K, 0% used [0x00000000d5580000,0x00000000d5580000,0x00000000e4c80000)
  from space 46592K, 70% used [0x00000000e7e80000,0x00000000e9ec3a30,0x00000000eac00000)
  to   space 49152K, 0% used [0x00000000e4c80000,0x00000000e4c80000,0x00000000e7c80000)
 ParOldGen       total 149504K, used 72503K [0x0000000080000000, 0x0000000089200000, 0x00000000d5580000)
  object space 149504K, 48% used [0x0000000080000000,0x00000000846cdf60,0x0000000089200000)
 Metaspace       used 81262K, capacity 85410K, committed 85720K, reserved 1124352K
  class space    used 10925K, capacity 11676K, committed 11776K, reserved 1048576K
}
Event: 110.697 GC heap before
{Heap before GC invocations=18 (full 3):
 PSYoungGen      total 299520K, used 285966K [0x00000000d5580000, 0x00000000eac80000, 0x0000000100000000)
  eden space 252928K, 100% used [0x00000000d5580000,0x00000000e4c80000,0x00000000e4c80000)
  from space 46592K, 70% used [0x00000000e7e80000,0x00000000e9ec3a30,0x00000000eac00000)
  to   space 49152K, 0% used [0x00000000e4c80000,0x00000000e4c80000,0x00000000e7c80000)
 ParOldGen       total 149504K, used 72503K [0x0000000080000000, 0x0000000089200000, 0x00000000d5580000)
  object space 149504K, 48% used [0x0000000080000000,0x00000000846cdf60,0x0000000089200000)
 Metaspace       used 88505K, capacity 92770K, committed 93016K, reserved 1130496K
  class space    used 11764K, capacity 12549K, committed 12672K, reserved 1048576K
Event: 110.837 GC heap after
Heap after GC invocations=18 (full 3):
 PSYoungGen      total 302080K, used 49126K [0x00000000d5580000, 0x00000000f0700000, 0x0000000100000000)
  eden space 252928K, 0% used [0x00000000d5580000,0x00000000d5580000,0x00000000e4c80000)
  from space 49152K, 99% used [0x00000000e4c80000,0x00000000e7c79a30,0x00000000e7c80000)
  to   space 60416K, 0% used [0x00000000ecc00000,0x00000000ecc00000,0x00000000f0700000)
 ParOldGen       total 149504K, used 81662K [0x0000000080000000, 0x0000000089200000, 0x00000000d5580000)
  object space 149504K, 54% used [0x0000000080000000,0x0000000084fbf8f0,0x0000000089200000)
 Metaspace       used 88505K, capacity 92770K, committed 93016K, reserved 1130496K
  class space    used 11764K, capacity 12549K, committed 12672K, reserved 1048576K
}
Event: 112.335 GC heap before
{Heap before GC invocations=19 (full 3):
 PSYoungGen      total 302080K, used 302054K [0x00000000d5580000, 0x00000000f0700000, 0x0000000100000000)
  eden space 252928K, 100% used [0x00000000d5580000,0x00000000e4c80000,0x00000000e4c80000)
  from space 49152K, 99% used [0x00000000e4c80000,0x00000000e7c79a30,0x00000000e7c80000)
  to   space 60416K, 0% used [0x00000000ecc00000,0x00000000ecc00000,0x00000000f0700000)
 ParOldGen       total 149504K, used 81662K [0x0000000080000000, 0x0000000089200000, 0x00000000d5580000)
  object space 149504K, 54% used [0x0000000080000000,0x0000000084fbf8f0,0x0000000089200000)
 Metaspace       used 91773K, capacity 96408K, committed 96472K, reserved 1132544K
  class space    used 12167K, capacity 13038K, committed 13056K, reserved 1048576K
Event: 112.445 GC heap after
Heap after GC invocations=19 (full 3):
 PSYoungGen      total 359424K, used 60397K [0x00000000d5580000, 0x00000000f3c00000, 0x0000000100000000)
  eden space 299008K, 0% used [0x00000000d5580000,0x00000000d5580000,0x00000000e7980000)
  from space 60416K, 99% used [0x00000000ecc00000,0x00000000f06fb610,0x00000000f0700000)
  to   space 84480K, 0% used [0x00000000e7980000,0x00000000e7980000,0x00000000ecc00000)
 ParOldGen       total 149504K, used 119863K [0x0000000080000000, 0x0000000089200000, 0x00000000d5580000)
  object space 149504K, 80% used [0x0000000080000000,0x000000008750de18,0x0000000089200000)
 Metaspace       used 91773K, capacity 96408K, committed 96472K, reserved 1132544K
  class space    used 12167K, capacity 13038K, committed 13056K, reserved 1048576K
}
Event: 112.445 GC heap before
{Heap before GC invocations=20 (full 4):
 PSYoungGen      total 359424K, used 60397K [0x00000000d5580000, 0x00000000f3c00000, 0x0000000100000000)
  eden space 299008K, 0% used [0x00000000d5580000,0x00000000d5580000,0x00000000e7980000)
  from space 60416K, 99% used [0x00000000ecc00000,0x00000000f06fb610,0x00000000f0700000)
  to   space 84480K, 0% used [0x00000000e7980000,0x00000000e7980000,0x00000000ecc00000)
 ParOldGen       total 149504K, used 119863K [0x0000000080000000, 0x0000000089200000, 0x00000000d5580000)
  object space 149504K, 80% used [0x0000000080000000,0x000000008750de18,0x0000000089200000)
 Metaspace       used 91773K, capacity 96408K, committed 96472K, reserved 1132544K
  class space    used 12167K, capacity 13038K, committed 13056K, reserved 1048576K
Event: 112.871 GC heap after
Heap after GC invocations=20 (full 4):
 PSYoungGen      total 359424K, used 0K [0x00000000d5580000, 0x00000000f3c00000, 0x0000000100000000)
  eden space 299008K, 0% used [0x00000000d5580000,0x00000000d5580000,0x00000000e7980000)
  from space 60416K, 0% used [0x00000000ecc00000,0x00000000ecc00000,0x00000000f0700000)
  to   space 84480K, 0% used [0x00000000e7980000,0x00000000e7980000,0x00000000ecc00000)
 ParOldGen       total 287232K, used 115213K [0x0000000080000000, 0x0000000091880000, 0x00000000d5580000)
  object space 287232K, 40% used [0x0000000080000000,0x00000000870836a0,0x0000000091880000)
 Metaspace       used 91646K, capacity 96060K, committed 96472K, reserved 1132544K
  class space    used 12126K, capacity 12966K, committed 13056K, reserved 1048576K
}

